<?xml version="1.0" encoding="UTF-8"?>
<testsuites name="orderbarang" time="118.596" tests="6" failures="0" errors="0">
   <testsuite name="orderbarang" tests="6" failures="0" errors="0" time="118.596" skipped="0" timestamp="2023-04-11 22:37:34" hostname="asus - LAPTOP-0SNF2LAG" id="Test Suites/order/orderbarang">
      <properties>
[...]
</properties>
      <testcase name="Test Cases/order-SauceLabsBackpack" time="21.093" classname="Test Cases/order-SauceLabsBackpack" status="PASSED">
         <system-out><![CDATA[2023-04-11 22:37:35 - [TEST_CASE][PASSED] - Test Cases/order-SauceLabsBackpack: Test Cases/order-SauceLabsBackpack

2023-04-11 22:37:35 - [TEST_STEP][PASSED] - order.orderbarang.OrderBarang("Sauce Labs Backpack"): order.orderbarang.OrderBarang is PASSED

2023-04-11 22:37:35 - [MESSAGE][INFO] - Login

2023-04-11 22:37:35 - [TEST_CASE][PASSED] - Test Cases/login-validUsernamePassword: Test Cases/login-validUsernamePassword

2023-04-11 22:37:36 - [TEST_STEP][PASSED] - order.login.doLogin("valid", "valid"): order.login.doLogin is PASSED

2023-04-11 22:37:36 - [MESSAGE][INFO] - Open browser

2023-04-11 22:37:36 - [MESSAGE][INFO] - Starting 'Chrome' driver

2023-04-11 22:37:36 - [MESSAGE][INFO] - Action delay is set to 0 milliseconds

2023-04-11 22:37:39 - [MESSAGE][PASSED] - Browser is opened with url: ''

2023-04-11 22:37:39 - [MESSAGE][INFO] - Maximize windows

2023-04-11 22:37:39 - [MESSAGE][PASSED] - Current window maximized

2023-04-11 22:37:39 - [MESSAGE][INFO] - Input URL

2023-04-11 22:37:41 - [MESSAGE][PASSED] - Navigate to 'https://www.saucedemo.com/' successfully

2023-04-11 22:37:41 - [MESSAGE][INFO] - Capture

2023-04-11 22:37:41 - [MESSAGE][PASSED] - Taking screenshot successfully
[[ATTACHMENT|C:\\Users\\asus\\Katalon Studio\\My First Web UI Project\\Reports\\20230411_223723\\order\\orderbarang\\20230411_223723\\1681227461697.png]]

2023-04-11 22:37:41 - [MESSAGE][INFO] - Valid username

2023-04-11 22:37:42 - [MESSAGE][PASSED] - Text 'standard_user' is set on object 'Object Repository/Input-username'

2023-04-11 22:37:42 - [MESSAGE][INFO] - Valid password

2023-04-11 22:37:43 - [MESSAGE][PASSED] - Text 'secret_sauce' is set on object 'Object Repository/Input-password'

2023-04-11 22:37:43 - [MESSAGE][INFO] - Klik Login

2023-04-11 22:37:44 - [MESSAGE][PASSED] - Object: 'Object Repository/Click-login' is clicked on

2023-04-11 22:37:44 - [MESSAGE][INFO] - Capture

2023-04-11 22:37:44 - [MESSAGE][PASSED] - Taking screenshot successfully
[[ATTACHMENT|C:\\Users\\asus\\Katalon Studio\\My First Web UI Project\\Reports\\20230411_223723\\order\\orderbarang\\20230411_223723\\1681227464582.png]]

2023-04-11 22:37:44 - [MESSAGE][PASSED] - order.login.doLogin is PASSED

2023-04-11 22:37:45 - [MESSAGE][PASSED] - Call Test Case 'Test Cases/login-validUsernamePassword' successfully

2023-04-11 22:37:45 - [MESSAGE][INFO] - Klik Sauce Labs Backpack

2023-04-11 22:37:45 - [MESSAGE][PASSED] - Object: 'Object Repository/Click-backpack-sauce_labs_backpack' is clicked on

2023-04-11 22:37:45 - [MESSAGE][INFO] - Capture Barang

2023-04-11 22:37:46 - [MESSAGE][PASSED] - Taking screenshot successfully
[[ATTACHMENT|C:\\Users\\asus\\Katalon Studio\\My First Web UI Project\\Reports\\20230411_223723\\order\\orderbarang\\20230411_223723\\1681227465955.png]]

2023-04-11 22:37:46 - [MESSAGE][INFO] - Klik Cart

2023-04-11 22:37:46 - [MESSAGE][PASSED] - Object: 'Object Repository/Click-cart' is clicked on

2023-04-11 22:37:46 - [MESSAGE][INFO] - Capture Cart

2023-04-11 22:37:47 - [MESSAGE][PASSED] - Taking screenshot successfully
[[ATTACHMENT|C:\\Users\\asus\\Katalon Studio\\My First Web UI Project\\Reports\\20230411_223723\\order\\orderbarang\\20230411_223723\\1681227467150.png]]

2023-04-11 22:37:47 - [MESSAGE][INFO] - Klik Checkout

2023-04-11 22:37:47 - [MESSAGE][PASSED] - Object: 'Object Repository/Click-checkout' is clicked on

2023-04-11 22:37:47 - [MESSAGE][INFO] - Capture Checkout

2023-04-11 22:37:48 - [MESSAGE][PASSED] - Taking screenshot successfully
[[ATTACHMENT|C:\\Users\\asus\\Katalon Studio\\My First Web UI Project\\Reports\\20230411_223723\\order\\orderbarang\\20230411_223723\\1681227468369.png]]

2023-04-11 22:37:48 - [MESSAGE][INFO] - Klik Checkout : Your Information - First Name

2023-04-11 22:37:49 - [MESSAGE][PASSED] - Text 'Nama Pertama' is set on object 'Object Repository/Input-YourInformation-FirstName'

2023-04-11 22:37:49 - [MESSAGE][INFO] - Klik Checkout : Your Information - Last Name

2023-04-11 22:37:50 - [MESSAGE][PASSED] - Text 'Nama Kedua' is set on object 'Object Repository/Input-YourInformation-LastName'

2023-04-11 22:37:50 - [MESSAGE][INFO] - Klik Checkout : Your Information - Postal Code

2023-04-11 22:37:51 - [MESSAGE][PASSED] - Text '12345' is set on object 'Object Repository/Input-YourInformation-PostalCode'

2023-04-11 22:37:51 - [MESSAGE][INFO] - Capture Information

2023-04-11 22:37:52 - [MESSAGE][PASSED] - Taking screenshot successfully
[[ATTACHMENT|C:\\Users\\asus\\Katalon Studio\\My First Web UI Project\\Reports\\20230411_223723\\order\\orderbarang\\20230411_223723\\1681227471886.png]]

2023-04-11 22:37:52 - [MESSAGE][INFO] - Klik Continue

2023-04-11 22:37:52 - [MESSAGE][PASSED] - Object: 'Object Repository/Click-Continue' is clicked on

2023-04-11 22:37:52 - [MESSAGE][INFO] - Capture Continue

2023-04-11 22:37:53 - [MESSAGE][PASSED] - Taking screenshot successfully
[[ATTACHMENT|C:\\Users\\asus\\Katalon Studio\\My First Web UI Project\\Reports\\20230411_223723\\order\\orderbarang\\20230411_223723\\1681227473213.png]]

2023-04-11 22:37:53 - [MESSAGE][INFO] - Klik Finish

2023-04-11 22:37:53 - [MESSAGE][PASSED] - Object: 'Object Repository/Click-Finish' is clicked on

2023-04-11 22:37:53 - [MESSAGE][INFO] - Capture Finish

2023-04-11 22:37:54 - [MESSAGE][PASSED] - Taking screenshot successfully
[[ATTACHMENT|C:\\Users\\asus\\Katalon Studio\\My First Web UI Project\\Reports\\20230411_223723\\order\\orderbarang\\20230411_223723\\1681227474497.png]]

2023-04-11 22:37:54 - [MESSAGE][INFO] - Klik Back Home

2023-04-11 22:37:55 - [MESSAGE][PASSED] - Object: 'Object Repository/Click-BackHome' is clicked on

2023-04-11 22:37:55 - [MESSAGE][INFO] - Klik Menu

2023-04-11 22:37:55 - [MESSAGE][PASSED] - Object: 'Object Repository/Click-Menu' is clicked on

2023-04-11 22:37:55 - [MESSAGE][INFO] - Klik Logout

2023-04-11 22:37:56 - [MESSAGE][PASSED] - Object: 'Object Repository/Click-logout' is clicked on

2023-04-11 22:37:56 - [MESSAGE][PASSED] - order.orderbarang.OrderBarang is PASSED]]></system-out>
         <system-err><![CDATA[]]></system-err>
      </testcase>
      <testcase name="Test Cases/order-SauceLabsBikeLight" time="19.466" classname="Test Cases/order-SauceLabsBikeLight" status="PASSED">
         <system-out><![CDATA[2023-04-11 22:37:56 - [TEST_CASE][PASSED] - Test Cases/order-SauceLabsBikeLight: Test Cases/order-SauceLabsBikeLight

2023-04-11 22:37:56 - [TEST_STEP][PASSED] - order.orderbarang.OrderBarang("Sauce Labs Bike Light"): order.orderbarang.OrderBarang is PASSED

2023-04-11 22:37:56 - [MESSAGE][INFO] - Login

2023-04-11 22:37:57 - [TEST_CASE][PASSED] - Test Cases/login-validUsernamePassword: Test Cases/login-validUsernamePassword

2023-04-11 22:37:57 - [TEST_STEP][PASSED] - order.login.doLogin("valid", "valid"): order.login.doLogin is PASSED

2023-04-11 22:37:57 - [MESSAGE][INFO] - Open browser

2023-04-11 22:37:57 - [MESSAGE][WARNING] - A browser is already opened. Closing browser and opening a new one

2023-04-11 22:37:57 - [MESSAGE][INFO] - Starting 'Chrome' driver

2023-04-11 22:37:57 - [MESSAGE][INFO] - Action delay is set to 0 milliseconds

2023-04-11 22:37:59 - [MESSAGE][PASSED] - Browser is opened with url: ''

2023-04-11 22:37:59 - [MESSAGE][INFO] - Maximize windows

2023-04-11 22:37:59 - [MESSAGE][PASSED] - Current window maximized

2023-04-11 22:37:59 - [MESSAGE][INFO] - Input URL

2023-04-11 22:38:01 - [MESSAGE][PASSED] - Navigate to 'https://www.saucedemo.com/' successfully

2023-04-11 22:38:01 - [MESSAGE][INFO] - Capture

2023-04-11 22:38:02 - [MESSAGE][PASSED] - Taking screenshot successfully
[[ATTACHMENT|C:\\Users\\asus\\Katalon Studio\\My First Web UI Project\\Reports\\20230411_223723\\order\\orderbarang\\20230411_223723\\1681227481816.png]]

2023-04-11 22:38:02 - [MESSAGE][INFO] - Valid username

2023-04-11 22:38:02 - [MESSAGE][PASSED] - Text 'standard_user' is set on object 'Object Repository/Input-username'

2023-04-11 22:38:02 - [MESSAGE][INFO] - Valid password

2023-04-11 22:38:03 - [MESSAGE][PASSED] - Text 'secret_sauce' is set on object 'Object Repository/Input-password'

2023-04-11 22:38:03 - [MESSAGE][INFO] - Klik Login

2023-04-11 22:38:04 - [MESSAGE][PASSED] - Object: 'Object Repository/Click-login' is clicked on

2023-04-11 22:38:04 - [MESSAGE][INFO] - Capture

2023-04-11 22:38:04 - [MESSAGE][PASSED] - Taking screenshot successfully
[[ATTACHMENT|C:\\Users\\asus\\Katalon Studio\\My First Web UI Project\\Reports\\20230411_223723\\order\\orderbarang\\20230411_223723\\1681227484547.png]]

2023-04-11 22:38:04 - [MESSAGE][PASSED] - order.login.doLogin is PASSED

2023-04-11 22:38:04 - [MESSAGE][PASSED] - Call Test Case 'Test Cases/login-validUsernamePassword' successfully

2023-04-11 22:38:04 - [MESSAGE][INFO] - Klik Sauce Labs Bike Light

2023-04-11 22:38:05 - [MESSAGE][PASSED] - Object: 'Object Repository/Click-backpack-sauce_labs_bike_light' is clicked on

2023-04-11 22:38:05 - [MESSAGE][INFO] - Capture Barang

2023-04-11 22:38:06 - [MESSAGE][PASSED] - Taking screenshot successfully
[[ATTACHMENT|C:\\Users\\asus\\Katalon Studio\\My First Web UI Project\\Reports\\20230411_223723\\order\\orderbarang\\20230411_223723\\1681227485797.png]]

2023-04-11 22:38:06 - [MESSAGE][INFO] - Klik Cart

2023-04-11 22:38:06 - [MESSAGE][PASSED] - Object: 'Object Repository/Click-cart' is clicked on

2023-04-11 22:38:06 - [MESSAGE][INFO] - Capture Cart

2023-04-11 22:38:07 - [MESSAGE][PASSED] - Taking screenshot successfully
[[ATTACHMENT|C:\\Users\\asus\\Katalon Studio\\My First Web UI Project\\Reports\\20230411_223723\\order\\orderbarang\\20230411_223723\\1681227487032.png]]

2023-04-11 22:38:07 - [MESSAGE][INFO] - Klik Checkout

2023-04-11 22:38:07 - [MESSAGE][PASSED] - Object: 'Object Repository/Click-checkout' is clicked on

2023-04-11 22:38:07 - [MESSAGE][INFO] - Capture Checkout

2023-04-11 22:38:08 - [MESSAGE][PASSED] - Taking screenshot successfully
[[ATTACHMENT|C:\\Users\\asus\\Katalon Studio\\My First Web UI Project\\Reports\\20230411_223723\\order\\orderbarang\\20230411_223723\\1681227488100.png]]

2023-04-11 22:38:08 - [MESSAGE][INFO] - Klik Checkout : Your Information - First Name

2023-04-11 22:38:09 - [MESSAGE][PASSED] - Text 'Nama Pertama' is set on object 'Object Repository/Input-YourInformation-FirstName'

2023-04-11 22:38:09 - [MESSAGE][INFO] - Klik Checkout : Your Information - Last Name

2023-04-11 22:38:10 - [MESSAGE][PASSED] - Text 'Nama Kedua' is set on object 'Object Repository/Input-YourInformation-LastName'

2023-04-11 22:38:10 - [MESSAGE][INFO] - Klik Checkout : Your Information - Postal Code

2023-04-11 22:38:11 - [MESSAGE][PASSED] - Text '12345' is set on object 'Object Repository/Input-YourInformation-PostalCode'

2023-04-11 22:38:11 - [MESSAGE][INFO] - Capture Information

2023-04-11 22:38:11 - [MESSAGE][PASSED] - Taking screenshot successfully
[[ATTACHMENT|C:\\Users\\asus\\Katalon Studio\\My First Web UI Project\\Reports\\20230411_223723\\order\\orderbarang\\20230411_223723\\1681227491563.png]]

2023-04-11 22:38:11 - [MESSAGE][INFO] - Klik Continue

2023-04-11 22:38:12 - [MESSAGE][PASSED] - Object: 'Object Repository/Click-Continue' is clicked on

2023-04-11 22:38:12 - [MESSAGE][INFO] - Capture Continue

2023-04-11 22:38:13 - [MESSAGE][PASSED] - Taking screenshot successfully
[[ATTACHMENT|C:\\Users\\asus\\Katalon Studio\\My First Web UI Project\\Reports\\20230411_223723\\order\\orderbarang\\20230411_223723\\1681227492810.png]]

2023-04-11 22:38:13 - [MESSAGE][INFO] - Klik Finish

2023-04-11 22:38:13 - [MESSAGE][PASSED] - Object: 'Object Repository/Click-Finish' is clicked on

2023-04-11 22:38:13 - [MESSAGE][INFO] - Capture Finish

2023-04-11 22:38:14 - [MESSAGE][PASSED] - Taking screenshot successfully
[[ATTACHMENT|C:\\Users\\asus\\Katalon Studio\\My First Web UI Project\\Reports\\20230411_223723\\order\\orderbarang\\20230411_223723\\1681227493991.png]]

2023-04-11 22:38:14 - [MESSAGE][INFO] - Klik Back Home

2023-04-11 22:38:14 - [MESSAGE][PASSED] - Object: 'Object Repository/Click-BackHome' is clicked on

2023-04-11 22:38:14 - [MESSAGE][INFO] - Klik Menu

2023-04-11 22:38:15 - [MESSAGE][PASSED] - Object: 'Object Repository/Click-Menu' is clicked on

2023-04-11 22:38:15 - [MESSAGE][INFO] - Klik Logout

2023-04-11 22:38:15 - [MESSAGE][PASSED] - Object: 'Object Repository/Click-logout' is clicked on

2023-04-11 22:38:15 - [MESSAGE][PASSED] - order.orderbarang.OrderBarang is PASSED]]></system-out>
         <system-err><![CDATA[]]></system-err>
      </testcase>
      <testcase name="Test Cases/order-SauceLabsBoltTshirt" time="19.257" classname="Test Cases/order-SauceLabsBoltTshirt" status="PASSED">
         <system-out><![CDATA[2023-04-11 22:38:15 - [TEST_CASE][PASSED] - Test Cases/order-SauceLabsBoltTshirt: Test Cases/order-SauceLabsBoltTshirt

2023-04-11 22:38:16 - [TEST_STEP][PASSED] - order.orderbarang.OrderBarang("Sauce Labs Bolt T-Shirt"): order.orderbarang.OrderBarang is PASSED

2023-04-11 22:38:16 - [MESSAGE][INFO] - Login

2023-04-11 22:38:16 - [TEST_CASE][PASSED] - Test Cases/login-validUsernamePassword: Test Cases/login-validUsernamePassword

2023-04-11 22:38:16 - [TEST_STEP][PASSED] - order.login.doLogin("valid", "valid"): order.login.doLogin is PASSED

2023-04-11 22:38:16 - [MESSAGE][INFO] - Open browser

2023-04-11 22:38:16 - [MESSAGE][WARNING] - A browser is already opened. Closing browser and opening a new one

2023-04-11 22:38:17 - [MESSAGE][INFO] - Starting 'Chrome' driver

2023-04-11 22:38:17 - [MESSAGE][INFO] - Action delay is set to 0 milliseconds

2023-04-11 22:38:18 - [MESSAGE][PASSED] - Browser is opened with url: ''

2023-04-11 22:38:18 - [MESSAGE][INFO] - Maximize windows

2023-04-11 22:38:18 - [MESSAGE][PASSED] - Current window maximized

2023-04-11 22:38:18 - [MESSAGE][INFO] - Input URL

2023-04-11 22:38:20 - [MESSAGE][PASSED] - Navigate to 'https://www.saucedemo.com/' successfully

2023-04-11 22:38:20 - [MESSAGE][INFO] - Capture

2023-04-11 22:38:21 - [MESSAGE][PASSED] - Taking screenshot successfully
[[ATTACHMENT|C:\\Users\\asus\\Katalon Studio\\My First Web UI Project\\Reports\\20230411_223723\\order\\orderbarang\\20230411_223723\\1681227501153.png]]

2023-04-11 22:38:21 - [MESSAGE][INFO] - Valid username

2023-04-11 22:38:22 - [MESSAGE][PASSED] - Text 'standard_user' is set on object 'Object Repository/Input-username'

2023-04-11 22:38:22 - [MESSAGE][INFO] - Valid password

2023-04-11 22:38:22 - [MESSAGE][PASSED] - Text 'secret_sauce' is set on object 'Object Repository/Input-password'

2023-04-11 22:38:22 - [MESSAGE][INFO] - Klik Login

2023-04-11 22:38:23 - [MESSAGE][PASSED] - Object: 'Object Repository/Click-login' is clicked on

2023-04-11 22:38:23 - [MESSAGE][INFO] - Capture

2023-04-11 22:38:24 - [MESSAGE][PASSED] - Taking screenshot successfully
[[ATTACHMENT|C:\\Users\\asus\\Katalon Studio\\My First Web UI Project\\Reports\\20230411_223723\\order\\orderbarang\\20230411_223723\\1681227503875.png]]

2023-04-11 22:38:24 - [MESSAGE][PASSED] - order.login.doLogin is PASSED

2023-04-11 22:38:24 - [MESSAGE][PASSED] - Call Test Case 'Test Cases/login-validUsernamePassword' successfully

2023-04-11 22:38:24 - [MESSAGE][INFO] - Klik Sauce Labs Bolt T-Shirt

2023-04-11 22:38:24 - [MESSAGE][PASSED] - Object: 'Object Repository/Click-backpack-sauce-labs-bolt-tshirt' is clicked on

2023-04-11 22:38:24 - [MESSAGE][INFO] - Capture Barang

2023-04-11 22:38:25 - [MESSAGE][PASSED] - Taking screenshot successfully
[[ATTACHMENT|C:\\Users\\asus\\Katalon Studio\\My First Web UI Project\\Reports\\20230411_223723\\order\\orderbarang\\20230411_223723\\1681227505231.png]]

2023-04-11 22:38:25 - [MESSAGE][INFO] - Klik Cart

2023-04-11 22:38:25 - [MESSAGE][PASSED] - Object: 'Object Repository/Click-cart' is clicked on

2023-04-11 22:38:25 - [MESSAGE][INFO] - Capture Cart

2023-04-11 22:38:26 - [MESSAGE][PASSED] - Taking screenshot successfully
[[ATTACHMENT|C:\\Users\\asus\\Katalon Studio\\My First Web UI Project\\Reports\\20230411_223723\\order\\orderbarang\\20230411_223723\\1681227506399.png]]

2023-04-11 22:38:26 - [MESSAGE][INFO] - Klik Checkout

2023-04-11 22:38:26 - [MESSAGE][PASSED] - Object: 'Object Repository/Click-checkout' is clicked on

2023-04-11 22:38:26 - [MESSAGE][INFO] - Capture Checkout

2023-04-11 22:38:27 - [MESSAGE][PASSED] - Taking screenshot successfully
[[ATTACHMENT|C:\\Users\\asus\\Katalon Studio\\My First Web UI Project\\Reports\\20230411_223723\\order\\orderbarang\\20230411_223723\\1681227507450.png]]

2023-04-11 22:38:27 - [MESSAGE][INFO] - Klik Checkout : Your Information - First Name

2023-04-11 22:38:28 - [MESSAGE][PASSED] - Text 'Nama Pertama' is set on object 'Object Repository/Input-YourInformation-FirstName'

2023-04-11 22:38:28 - [MESSAGE][INFO] - Klik Checkout : Your Information - Last Name

2023-04-11 22:38:29 - [MESSAGE][PASSED] - Text 'Nama Kedua' is set on object 'Object Repository/Input-YourInformation-LastName'

2023-04-11 22:38:29 - [MESSAGE][INFO] - Klik Checkout : Your Information - Postal Code

2023-04-11 22:38:30 - [MESSAGE][PASSED] - Text '12345' is set on object 'Object Repository/Input-YourInformation-PostalCode'

2023-04-11 22:38:30 - [MESSAGE][INFO] - Capture Information

2023-04-11 22:38:30 - [MESSAGE][PASSED] - Taking screenshot successfully
[[ATTACHMENT|C:\\Users\\asus\\Katalon Studio\\My First Web UI Project\\Reports\\20230411_223723\\order\\orderbarang\\20230411_223723\\1681227510760.png]]

2023-04-11 22:38:30 - [MESSAGE][INFO] - Klik Continue

2023-04-11 22:38:31 - [MESSAGE][PASSED] - Object: 'Object Repository/Click-Continue' is clicked on

2023-04-11 22:38:31 - [MESSAGE][INFO] - Capture Continue

2023-04-11 22:38:32 - [MESSAGE][PASSED] - Taking screenshot successfully
[[ATTACHMENT|C:\\Users\\asus\\Katalon Studio\\My First Web UI Project\\Reports\\20230411_223723\\order\\orderbarang\\20230411_223723\\1681227511989.png]]

2023-04-11 22:38:32 - [MESSAGE][INFO] - Klik Finish

2023-04-11 22:38:32 - [MESSAGE][PASSED] - Object: 'Object Repository/Click-Finish' is clicked on

2023-04-11 22:38:32 - [MESSAGE][INFO] - Capture Finish

2023-04-11 22:38:33 - [MESSAGE][PASSED] - Taking screenshot successfully
[[ATTACHMENT|C:\\Users\\asus\\Katalon Studio\\My First Web UI Project\\Reports\\20230411_223723\\order\\orderbarang\\20230411_223723\\1681227513247.png]]

2023-04-11 22:38:33 - [MESSAGE][INFO] - Klik Back Home

2023-04-11 22:38:33 - [MESSAGE][PASSED] - Object: 'Object Repository/Click-BackHome' is clicked on

2023-04-11 22:38:33 - [MESSAGE][INFO] - Klik Menu

2023-04-11 22:38:34 - [MESSAGE][PASSED] - Object: 'Object Repository/Click-Menu' is clicked on

2023-04-11 22:38:34 - [MESSAGE][INFO] - Klik Logout

2023-04-11 22:38:35 - [MESSAGE][PASSED] - Object: 'Object Repository/Click-logout' is clicked on

2023-04-11 22:38:35 - [MESSAGE][PASSED] - order.orderbarang.OrderBarang is PASSED]]></system-out>
         <system-err><![CDATA[]]></system-err>
      </testcase>
      <testcase name="Test Cases/order-SauceLabsFleeceJacket" time="19.251" classname="Test Cases/order-SauceLabsFleeceJacket" status="PASSED">
         <system-out><![CDATA[2023-04-11 22:38:35 - [TEST_CASE][PASSED] - Test Cases/order-SauceLabsFleeceJacket: Test Cases/order-SauceLabsFleeceJacket

2023-04-11 22:38:35 - [TEST_STEP][PASSED] - order.orderbarang.OrderBarang("Sauce Labs Fleece Jacket"): order.orderbarang.OrderBarang is PASSED

2023-04-11 22:38:35 - [MESSAGE][INFO] - Login

2023-04-11 22:38:35 - [TEST_CASE][PASSED] - Test Cases/login-validUsernamePassword: Test Cases/login-validUsernamePassword

2023-04-11 22:38:35 - [TEST_STEP][PASSED] - order.login.doLogin("valid", "valid"): order.login.doLogin is PASSED

2023-04-11 22:38:35 - [MESSAGE][INFO] - Open browser

2023-04-11 22:38:35 - [MESSAGE][WARNING] - A browser is already opened. Closing browser and opening a new one

2023-04-11 22:38:36 - [MESSAGE][INFO] - Starting 'Chrome' driver

2023-04-11 22:38:36 - [MESSAGE][INFO] - Action delay is set to 0 milliseconds

2023-04-11 22:38:37 - [MESSAGE][PASSED] - Browser is opened with url: ''

2023-04-11 22:38:37 - [MESSAGE][INFO] - Maximize windows

2023-04-11 22:38:38 - [MESSAGE][PASSED] - Current window maximized

2023-04-11 22:38:38 - [MESSAGE][INFO] - Input URL

2023-04-11 22:38:40 - [MESSAGE][PASSED] - Navigate to 'https://www.saucedemo.com/' successfully

2023-04-11 22:38:40 - [MESSAGE][INFO] - Capture

2023-04-11 22:38:40 - [MESSAGE][PASSED] - Taking screenshot successfully
[[ATTACHMENT|C:\\Users\\asus\\Katalon Studio\\My First Web UI Project\\Reports\\20230411_223723\\order\\orderbarang\\20230411_223723\\1681227520533.png]]

2023-04-11 22:38:40 - [MESSAGE][INFO] - Valid username

2023-04-11 22:38:41 - [MESSAGE][PASSED] - Text 'standard_user' is set on object 'Object Repository/Input-username'

2023-04-11 22:38:41 - [MESSAGE][INFO] - Valid password

2023-04-11 22:38:42 - [MESSAGE][PASSED] - Text 'secret_sauce' is set on object 'Object Repository/Input-password'

2023-04-11 22:38:42 - [MESSAGE][INFO] - Klik Login

2023-04-11 22:38:42 - [MESSAGE][PASSED] - Object: 'Object Repository/Click-login' is clicked on

2023-04-11 22:38:42 - [MESSAGE][INFO] - Capture

2023-04-11 22:38:43 - [MESSAGE][PASSED] - Taking screenshot successfully
[[ATTACHMENT|C:\\Users\\asus\\Katalon Studio\\My First Web UI Project\\Reports\\20230411_223723\\order\\orderbarang\\20230411_223723\\1681227523231.png]]

2023-04-11 22:38:43 - [MESSAGE][PASSED] - order.login.doLogin is PASSED

2023-04-11 22:38:43 - [MESSAGE][PASSED] - Call Test Case 'Test Cases/login-validUsernamePassword' successfully

2023-04-11 22:38:43 - [MESSAGE][INFO] - Klik Sauce Labs Fleece Jacket

2023-04-11 22:38:43 - [MESSAGE][PASSED] - Object: 'Object Repository/Click-sauce-labs-fleece-jacket' is clicked on

2023-04-11 22:38:43 - [MESSAGE][INFO] - Capture Barang

2023-04-11 22:38:44 - [MESSAGE][PASSED] - Taking screenshot successfully
[[ATTACHMENT|C:\\Users\\asus\\Katalon Studio\\My First Web UI Project\\Reports\\20230411_223723\\order\\orderbarang\\20230411_223723\\1681227524451.png]]

2023-04-11 22:38:44 - [MESSAGE][INFO] - Klik Cart

2023-04-11 22:38:45 - [MESSAGE][PASSED] - Object: 'Object Repository/Click-cart' is clicked on

2023-04-11 22:38:45 - [MESSAGE][INFO] - Capture Cart

2023-04-11 22:38:45 - [MESSAGE][PASSED] - Taking screenshot successfully
[[ATTACHMENT|C:\\Users\\asus\\Katalon Studio\\My First Web UI Project\\Reports\\20230411_223723\\order\\orderbarang\\20230411_223723\\1681227525592.png]]

2023-04-11 22:38:45 - [MESSAGE][INFO] - Klik Checkout

2023-04-11 22:38:46 - [MESSAGE][PASSED] - Object: 'Object Repository/Click-checkout' is clicked on

2023-04-11 22:38:46 - [MESSAGE][INFO] - Capture Checkout

2023-04-11 22:38:46 - [MESSAGE][PASSED] - Taking screenshot successfully
[[ATTACHMENT|C:\\Users\\asus\\Katalon Studio\\My First Web UI Project\\Reports\\20230411_223723\\order\\orderbarang\\20230411_223723\\1681227526624.png]]

2023-04-11 22:38:46 - [MESSAGE][INFO] - Klik Checkout : Your Information - First Name

2023-04-11 22:38:47 - [MESSAGE][PASSED] - Text 'Nama Pertama' is set on object 'Object Repository/Input-YourInformation-FirstName'

2023-04-11 22:38:47 - [MESSAGE][INFO] - Klik Checkout : Your Information - Last Name

2023-04-11 22:38:48 - [MESSAGE][PASSED] - Text 'Nama Kedua' is set on object 'Object Repository/Input-YourInformation-LastName'

2023-04-11 22:38:48 - [MESSAGE][INFO] - Klik Checkout : Your Information - Postal Code

2023-04-11 22:38:49 - [MESSAGE][PASSED] - Text '12345' is set on object 'Object Repository/Input-YourInformation-PostalCode'

2023-04-11 22:38:49 - [MESSAGE][INFO] - Capture Information

2023-04-11 22:38:50 - [MESSAGE][PASSED] - Taking screenshot successfully
[[ATTACHMENT|C:\\Users\\asus\\Katalon Studio\\My First Web UI Project\\Reports\\20230411_223723\\order\\orderbarang\\20230411_223723\\1681227530038.png]]

2023-04-11 22:38:50 - [MESSAGE][INFO] - Klik Continue

2023-04-11 22:38:50 - [MESSAGE][PASSED] - Object: 'Object Repository/Click-Continue' is clicked on

2023-04-11 22:38:50 - [MESSAGE][INFO] - Capture Continue

2023-04-11 22:38:51 - [MESSAGE][PASSED] - Taking screenshot successfully
[[ATTACHMENT|C:\\Users\\asus\\Katalon Studio\\My First Web UI Project\\Reports\\20230411_223723\\order\\orderbarang\\20230411_223723\\1681227531249.png]]

2023-04-11 22:38:51 - [MESSAGE][INFO] - Klik Finish

2023-04-11 22:38:52 - [MESSAGE][PASSED] - Object: 'Object Repository/Click-Finish' is clicked on

2023-04-11 22:38:52 - [MESSAGE][INFO] - Capture Finish

2023-04-11 22:38:52 - [MESSAGE][PASSED] - Taking screenshot successfully
[[ATTACHMENT|C:\\Users\\asus\\Katalon Studio\\My First Web UI Project\\Reports\\20230411_223723\\order\\orderbarang\\20230411_223723\\1681227532552.png]]

2023-04-11 22:38:52 - [MESSAGE][INFO] - Klik Back Home

2023-04-11 22:38:53 - [MESSAGE][PASSED] - Object: 'Object Repository/Click-BackHome' is clicked on

2023-04-11 22:38:53 - [MESSAGE][INFO] - Klik Menu

2023-04-11 22:38:53 - [MESSAGE][PASSED] - Object: 'Object Repository/Click-Menu' is clicked on

2023-04-11 22:38:53 - [MESSAGE][INFO] - Klik Logout

2023-04-11 22:38:54 - [MESSAGE][PASSED] - Object: 'Object Repository/Click-logout' is clicked on

2023-04-11 22:38:54 - [MESSAGE][PASSED] - order.orderbarang.OrderBarang is PASSED]]></system-out>
         <system-err><![CDATA[]]></system-err>
      </testcase>
      <testcase name="Test Cases/order-SauceLabsOnesie" time="19.646" classname="Test Cases/order-SauceLabsOnesie" status="PASSED">
         <system-out><![CDATA[2023-04-11 22:38:54 - [TEST_CASE][PASSED] - Test Cases/order-SauceLabsOnesie: Test Cases/order-SauceLabsOnesie

2023-04-11 22:38:54 - [TEST_STEP][PASSED] - order.orderbarang.OrderBarang("Sauce Labs Onesie"): order.orderbarang.OrderBarang is PASSED

2023-04-11 22:38:54 - [MESSAGE][INFO] - Login

2023-04-11 22:38:54 - [TEST_CASE][PASSED] - Test Cases/login-validUsernamePassword: Test Cases/login-validUsernamePassword

2023-04-11 22:38:54 - [TEST_STEP][PASSED] - order.login.doLogin("valid", "valid"): order.login.doLogin is PASSED

2023-04-11 22:38:54 - [MESSAGE][INFO] - Open browser

2023-04-11 22:38:55 - [MESSAGE][WARNING] - A browser is already opened. Closing browser and opening a new one

2023-04-11 22:38:55 - [MESSAGE][INFO] - Starting 'Chrome' driver

2023-04-11 22:38:55 - [MESSAGE][INFO] - Action delay is set to 0 milliseconds

2023-04-11 22:38:57 - [MESSAGE][PASSED] - Browser is opened with url: ''

2023-04-11 22:38:57 - [MESSAGE][INFO] - Maximize windows

2023-04-11 22:38:57 - [MESSAGE][PASSED] - Current window maximized

2023-04-11 22:38:57 - [MESSAGE][INFO] - Input URL

2023-04-11 22:38:59 - [MESSAGE][PASSED] - Navigate to 'https://www.saucedemo.com/' successfully

2023-04-11 22:38:59 - [MESSAGE][INFO] - Capture

2023-04-11 22:39:00 - [MESSAGE][PASSED] - Taking screenshot successfully
[[ATTACHMENT|C:\\Users\\asus\\Katalon Studio\\My First Web UI Project\\Reports\\20230411_223723\\order\\orderbarang\\20230411_223723\\1681227539793.png]]

2023-04-11 22:39:00 - [MESSAGE][INFO] - Valid username

2023-04-11 22:39:00 - [MESSAGE][PASSED] - Text 'standard_user' is set on object 'Object Repository/Input-username'

2023-04-11 22:39:00 - [MESSAGE][INFO] - Valid password

2023-04-11 22:39:01 - [MESSAGE][PASSED] - Text 'secret_sauce' is set on object 'Object Repository/Input-password'

2023-04-11 22:39:01 - [MESSAGE][INFO] - Klik Login

2023-04-11 22:39:02 - [MESSAGE][PASSED] - Object: 'Object Repository/Click-login' is clicked on

2023-04-11 22:39:02 - [MESSAGE][INFO] - Capture

2023-04-11 22:39:02 - [MESSAGE][PASSED] - Taking screenshot successfully
[[ATTACHMENT|C:\\Users\\asus\\Katalon Studio\\My First Web UI Project\\Reports\\20230411_223723\\order\\orderbarang\\20230411_223723\\1681227542626.png]]

2023-04-11 22:39:02 - [MESSAGE][PASSED] - order.login.doLogin is PASSED

2023-04-11 22:39:02 - [MESSAGE][PASSED] - Call Test Case 'Test Cases/login-validUsernamePassword' successfully

2023-04-11 22:39:02 - [MESSAGE][INFO] - Klik Sauce Labs Onesie

2023-04-11 22:39:03 - [MESSAGE][PASSED] - Object: 'Object Repository/Click-sauce-labs-onesie' is clicked on

2023-04-11 22:39:03 - [MESSAGE][INFO] - Capture Barang

2023-04-11 22:39:04 - [MESSAGE][PASSED] - Taking screenshot successfully
[[ATTACHMENT|C:\\Users\\asus\\Katalon Studio\\My First Web UI Project\\Reports\\20230411_223723\\order\\orderbarang\\20230411_223723\\1681227543855.png]]

2023-04-11 22:39:04 - [MESSAGE][INFO] - Klik Cart

2023-04-11 22:39:04 - [MESSAGE][PASSED] - Object: 'Object Repository/Click-cart' is clicked on

2023-04-11 22:39:04 - [MESSAGE][INFO] - Capture Cart

2023-04-11 22:39:05 - [MESSAGE][PASSED] - Taking screenshot successfully
[[ATTACHMENT|C:\\Users\\asus\\Katalon Studio\\My First Web UI Project\\Reports\\20230411_223723\\order\\orderbarang\\20230411_223723\\1681227545096.png]]

2023-04-11 22:39:05 - [MESSAGE][INFO] - Klik Checkout

2023-04-11 22:39:05 - [MESSAGE][PASSED] - Object: 'Object Repository/Click-checkout' is clicked on

2023-04-11 22:39:05 - [MESSAGE][INFO] - Capture Checkout

2023-04-11 22:39:06 - [MESSAGE][PASSED] - Taking screenshot successfully
[[ATTACHMENT|C:\\Users\\asus\\Katalon Studio\\My First Web UI Project\\Reports\\20230411_223723\\order\\orderbarang\\20230411_223723\\1681227546200.png]]

2023-04-11 22:39:06 - [MESSAGE][INFO] - Klik Checkout : Your Information - First Name

2023-04-11 22:39:07 - [MESSAGE][PASSED] - Text 'Nama Pertama' is set on object 'Object Repository/Input-YourInformation-FirstName'

2023-04-11 22:39:07 - [MESSAGE][INFO] - Klik Checkout : Your Information - Last Name

2023-04-11 22:39:08 - [MESSAGE][PASSED] - Text 'Nama Kedua' is set on object 'Object Repository/Input-YourInformation-LastName'

2023-04-11 22:39:08 - [MESSAGE][INFO] - Klik Checkout : Your Information - Postal Code

2023-04-11 22:39:09 - [MESSAGE][PASSED] - Text '12345' is set on object 'Object Repository/Input-YourInformation-PostalCode'

2023-04-11 22:39:09 - [MESSAGE][INFO] - Capture Information

2023-04-11 22:39:09 - [MESSAGE][PASSED] - Taking screenshot successfully
[[ATTACHMENT|C:\\Users\\asus\\Katalon Studio\\My First Web UI Project\\Reports\\20230411_223723\\order\\orderbarang\\20230411_223723\\1681227549624.png]]

2023-04-11 22:39:09 - [MESSAGE][INFO] - Klik Continue

2023-04-11 22:39:10 - [MESSAGE][PASSED] - Object: 'Object Repository/Click-Continue' is clicked on

2023-04-11 22:39:10 - [MESSAGE][INFO] - Capture Continue

2023-04-11 22:39:11 - [MESSAGE][PASSED] - Taking screenshot successfully
[[ATTACHMENT|C:\\Users\\asus\\Katalon Studio\\My First Web UI Project\\Reports\\20230411_223723\\order\\orderbarang\\20230411_223723\\1681227550855.png]]

2023-04-11 22:39:11 - [MESSAGE][INFO] - Klik Finish

2023-04-11 22:39:11 - [MESSAGE][PASSED] - Object: 'Object Repository/Click-Finish' is clicked on

2023-04-11 22:39:11 - [MESSAGE][INFO] - Capture Finish

2023-04-11 22:39:12 - [MESSAGE][PASSED] - Taking screenshot successfully
[[ATTACHMENT|C:\\Users\\asus\\Katalon Studio\\My First Web UI Project\\Reports\\20230411_223723\\order\\orderbarang\\20230411_223723\\1681227552018.png]]

2023-04-11 22:39:12 - [MESSAGE][INFO] - Klik Back Home

2023-04-11 22:39:12 - [MESSAGE][PASSED] - Object: 'Object Repository/Click-BackHome' is clicked on

2023-04-11 22:39:12 - [MESSAGE][INFO] - Klik Menu

2023-04-11 22:39:13 - [MESSAGE][PASSED] - Object: 'Object Repository/Click-Menu' is clicked on

2023-04-11 22:39:13 - [MESSAGE][INFO] - Klik Logout

2023-04-11 22:39:13 - [MESSAGE][PASSED] - Object: 'Object Repository/Click-logout' is clicked on

2023-04-11 22:39:13 - [MESSAGE][PASSED] - order.orderbarang.OrderBarang is PASSED]]></system-out>
         <system-err><![CDATA[]]></system-err>
      </testcase>
      <testcase name="Test Cases/order-Test.allTheThings" time="19.451" classname="Test Cases/order-Test.allTheThings" status="PASSED">
         <system-out><![CDATA[2023-04-11 22:39:13 - [TEST_CASE][PASSED] - Test Cases/order-Test.allTheThings: Test Cases/order-Test.allTheThings

2023-04-11 22:39:14 - [TEST_STEP][PASSED] - order.orderbarang.OrderBarang("Test.allTheThings() T-Shirt (Red)"): order.orderbarang.OrderBarang is PASSED

2023-04-11 22:39:14 - [MESSAGE][INFO] - Login

2023-04-11 22:39:14 - [TEST_CASE][PASSED] - Test Cases/login-validUsernamePassword: Test Cases/login-validUsernamePassword

2023-04-11 22:39:14 - [TEST_STEP][PASSED] - order.login.doLogin("valid", "valid"): order.login.doLogin is PASSED

2023-04-11 22:39:14 - [MESSAGE][INFO] - Open browser

2023-04-11 22:39:14 - [MESSAGE][WARNING] - A browser is already opened. Closing browser and opening a new one

2023-04-11 22:39:15 - [MESSAGE][INFO] - Starting 'Chrome' driver

2023-04-11 22:39:15 - [MESSAGE][INFO] - Action delay is set to 0 milliseconds

2023-04-11 22:39:16 - [MESSAGE][PASSED] - Browser is opened with url: ''

2023-04-11 22:39:16 - [MESSAGE][INFO] - Maximize windows

2023-04-11 22:39:17 - [MESSAGE][PASSED] - Current window maximized

2023-04-11 22:39:17 - [MESSAGE][INFO] - Input URL

2023-04-11 22:39:19 - [MESSAGE][PASSED] - Navigate to 'https://www.saucedemo.com/' successfully

2023-04-11 22:39:19 - [MESSAGE][INFO] - Capture

2023-04-11 22:39:19 - [MESSAGE][PASSED] - Taking screenshot successfully
[[ATTACHMENT|C:\\Users\\asus\\Katalon Studio\\My First Web UI Project\\Reports\\20230411_223723\\order\\orderbarang\\20230411_223723\\1681227559392.png]]

2023-04-11 22:39:19 - [MESSAGE][INFO] - Valid username

2023-04-11 22:39:20 - [MESSAGE][PASSED] - Text 'standard_user' is set on object 'Object Repository/Input-username'

2023-04-11 22:39:20 - [MESSAGE][INFO] - Valid password

2023-04-11 22:39:21 - [MESSAGE][PASSED] - Text 'secret_sauce' is set on object 'Object Repository/Input-password'

2023-04-11 22:39:21 - [MESSAGE][INFO] - Klik Login

2023-04-11 22:39:21 - [MESSAGE][PASSED] - Object: 'Object Repository/Click-login' is clicked on

2023-04-11 22:39:21 - [MESSAGE][INFO] - Capture

2023-04-11 22:39:22 - [MESSAGE][PASSED] - Taking screenshot successfully
[[ATTACHMENT|C:\\Users\\asus\\Katalon Studio\\My First Web UI Project\\Reports\\20230411_223723\\order\\orderbarang\\20230411_223723\\1681227562185.png]]

2023-04-11 22:39:22 - [MESSAGE][PASSED] - order.login.doLogin is PASSED

2023-04-11 22:39:22 - [MESSAGE][PASSED] - Call Test Case 'Test Cases/login-validUsernamePassword' successfully

2023-04-11 22:39:22 - [MESSAGE][INFO] - Klik Test.allTheThings() T-Shirt (Red)

2023-04-11 22:39:22 - [MESSAGE][PASSED] - Object: 'Object Repository/Click-Test.allTheThings()-T-Shirt-(Red)' is clicked on

2023-04-11 22:39:22 - [MESSAGE][INFO] - Capture Barang

2023-04-11 22:39:23 - [MESSAGE][PASSED] - Taking screenshot successfully
[[ATTACHMENT|C:\\Users\\asus\\Katalon Studio\\My First Web UI Project\\Reports\\20230411_223723\\order\\orderbarang\\20230411_223723\\1681227563362.png]]

2023-04-11 22:39:23 - [MESSAGE][INFO] - Klik Cart

2023-04-11 22:39:24 - [MESSAGE][PASSED] - Object: 'Object Repository/Click-cart' is clicked on

2023-04-11 22:39:24 - [MESSAGE][INFO] - Capture Cart

2023-04-11 22:39:24 - [MESSAGE][PASSED] - Taking screenshot successfully
[[ATTACHMENT|C:\\Users\\asus\\Katalon Studio\\My First Web UI Project\\Reports\\20230411_223723\\order\\orderbarang\\20230411_223723\\1681227564580.png]]

2023-04-11 22:39:24 - [MESSAGE][INFO] - Klik Checkout

2023-04-11 22:39:25 - [MESSAGE][PASSED] - Object: 'Object Repository/Click-checkout' is clicked on

2023-04-11 22:39:25 - [MESSAGE][INFO] - Capture Checkout

2023-04-11 22:39:25 - [MESSAGE][PASSED] - Taking screenshot successfully
[[ATTACHMENT|C:\\Users\\asus\\Katalon Studio\\My First Web UI Project\\Reports\\20230411_223723\\order\\orderbarang\\20230411_223723\\1681227565689.png]]

2023-04-11 22:39:25 - [MESSAGE][INFO] - Klik Checkout : Your Information - First Name

2023-04-11 22:39:26 - [MESSAGE][PASSED] - Text 'Nama Pertama' is set on object 'Object Repository/Input-YourInformation-FirstName'

2023-04-11 22:39:26 - [MESSAGE][INFO] - Klik Checkout : Your Information - Last Name

2023-04-11 22:39:27 - [MESSAGE][PASSED] - Text 'Nama Kedua' is set on object 'Object Repository/Input-YourInformation-LastName'

2023-04-11 22:39:27 - [MESSAGE][INFO] - Klik Checkout : Your Information - Postal Code

2023-04-11 22:39:28 - [MESSAGE][PASSED] - Text '12345' is set on object 'Object Repository/Input-YourInformation-PostalCode'

2023-04-11 22:39:28 - [MESSAGE][INFO] - Capture Information

2023-04-11 22:39:29 - [MESSAGE][PASSED] - Taking screenshot successfully
[[ATTACHMENT|C:\\Users\\asus\\Katalon Studio\\My First Web UI Project\\Reports\\20230411_223723\\order\\orderbarang\\20230411_223723\\1681227569164.png]]

2023-04-11 22:39:29 - [MESSAGE][INFO] - Klik Continue

2023-04-11 22:39:29 - [MESSAGE][PASSED] - Object: 'Object Repository/Click-Continue' is clicked on

2023-04-11 22:39:29 - [MESSAGE][INFO] - Capture Continue

2023-04-11 22:39:30 - [MESSAGE][PASSED] - Taking screenshot successfully
[[ATTACHMENT|C:\\Users\\asus\\Katalon Studio\\My First Web UI Project\\Reports\\20230411_223723\\order\\orderbarang\\20230411_223723\\1681227570419.png]]

2023-04-11 22:39:30 - [MESSAGE][INFO] - Klik Finish

2023-04-11 22:39:31 - [MESSAGE][PASSED] - Object: 'Object Repository/Click-Finish' is clicked on

2023-04-11 22:39:31 - [MESSAGE][INFO] - Capture Finish

2023-04-11 22:39:31 - [MESSAGE][PASSED] - Taking screenshot successfully
[[ATTACHMENT|C:\\Users\\asus\\Katalon Studio\\My First Web UI Project\\Reports\\20230411_223723\\order\\orderbarang\\20230411_223723\\1681227571680.png]]

2023-04-11 22:39:31 - [MESSAGE][INFO] - Klik Back Home

2023-04-11 22:39:32 - [MESSAGE][PASSED] - Object: 'Object Repository/Click-BackHome' is clicked on

2023-04-11 22:39:32 - [MESSAGE][INFO] - Klik Menu

2023-04-11 22:39:32 - [MESSAGE][PASSED] - Object: 'Object Repository/Click-Menu' is clicked on

2023-04-11 22:39:32 - [MESSAGE][INFO] - Klik Logout

2023-04-11 22:39:33 - [MESSAGE][PASSED] - Object: 'Object Repository/Click-logout' is clicked on

2023-04-11 22:39:33 - [MESSAGE][PASSED] - order.orderbarang.OrderBarang is PASSED]]></system-out>
         <system-err><![CDATA[]]></system-err>
      </testcase>
      <system-out><![CDATA[2023-04-11 22:37:34 - [TEST_SUITE][PASSED] - orderbarang: Test Cases/order-Test.allTheThings]]></system-out>
      <system-err><![CDATA[]]></system-err>
   </testsuite>
</testsuites>
